<?xml version="1.0" encoding="UTF-8"?>
<testsuites>
  <testsuite name="fastlane.lanes">
    
    
    
      
      <testcase classname="fastlane.lanes" name="0: Verifying fastlane version" time="0.000739">
        
      </testcase>
    
      
      <testcase classname="fastlane.lanes" name="1: default_platform" time="0.000505">
        
      </testcase>
    
      
      <testcase classname="fastlane.lanes" name="2: testDebugUnitTest" time="3.077716">
        
          <failure message="/usr/local/Cellar/fastlane/2.226.0_1/libexec/gems/fastlane-2.226.0/fastlane/lib/fastlane/actions/actions_helper.rb:67:in &apos;Fastlane::Actions.execute_action&apos;&#10;/usr/local/Cellar/fastlane/2.226.0_1/libexec/gems/fastlane-2.226.0/fastlane/lib/fastlane/runner.rb:255:in &apos;block in Fastlane::Runner#execute_action&apos;&#10;/usr/local/Cellar/fastlane/2.226.0_1/libexec/gems/fastlane-2.226.0/fastlane/lib/fastlane/runner.rb:229:in &apos;Dir.chdir&apos;&#10;/usr/local/Cellar/fastlane/2.226.0_1/libexec/gems/fastlane-2.226.0/fastlane/lib/fastlane/runner.rb:229:in &apos;Fastlane::Runner#execute_action&apos;&#10;/usr/local/Cellar/fastlane/2.226.0_1/libexec/gems/fastlane-2.226.0/fastlane/lib/fastlane/runner.rb:157:in &apos;Fastlane::Runner#trigger_action_by_name&apos;&#10;/usr/local/Cellar/fastlane/2.226.0_1/libexec/gems/fastlane-2.226.0/fastlane/lib/fastlane/fast_file.rb:159:in &apos;Fastlane::FastFile#method_missing&apos;&#10;Fastfile:8:in &apos;block (2 levels) in Fastlane::FastFile#parsing_binding&apos;&#10;/usr/local/Cellar/fastlane/2.226.0_1/libexec/gems/fastlane-2.226.0/fastlane/lib/fastlane/lane.rb:41:in &apos;Fastlane::Lane#call&apos;&#10;/usr/local/Cellar/fastlane/2.226.0_1/libexec/gems/fastlane-2.226.0/fastlane/lib/fastlane/runner.rb:49:in &apos;block in Fastlane::Runner#execute&apos;&#10;/usr/local/Cellar/fastlane/2.226.0_1/libexec/gems/fastlane-2.226.0/fastlane/lib/fastlane/runner.rb:45:in &apos;Dir.chdir&apos;&#10;/usr/local/Cellar/fastlane/2.226.0_1/libexec/gems/fastlane-2.226.0/fastlane/lib/fastlane/runner.rb:45:in &apos;Fastlane::Runner#execute&apos;&#10;/usr/local/Cellar/fastlane/2.226.0_1/libexec/gems/fastlane-2.226.0/fastlane/lib/fastlane/lane_manager.rb:46:in &apos;Fastlane::LaneManager.cruise_lane&apos;&#10;/usr/local/Cellar/fastlane/2.226.0_1/libexec/gems/fastlane-2.226.0/fastlane/lib/fastlane/command_line_handler.rb:34:in &apos;Fastlane::CommandLineHandler.handle&apos;&#10;/usr/local/Cellar/fastlane/2.226.0_1/libexec/gems/fastlane-2.226.0/fastlane/lib/fastlane/commands_generator.rb:110:in &apos;block (2 levels) in Fastlane::CommandsGenerator#run&apos;&#10;/usr/local/Cellar/fastlane/2.226.0_1/libexec/gems/commander-4.6.0/lib/commander/command.rb:187:in &apos;Commander::Command#call&apos;&#10;/usr/local/Cellar/fastlane/2.226.0_1/libexec/gems/commander-4.6.0/lib/commander/command.rb:157:in &apos;Commander::Command#run&apos;&#10;/usr/local/Cellar/fastlane/2.226.0_1/libexec/gems/commander-4.6.0/lib/commander/runner.rb:444:in &apos;Commander::Runner#run_active_command&apos;&#10;/usr/local/Cellar/fastlane/2.226.0_1/libexec/gems/fastlane-2.226.0/fastlane_core/lib/fastlane_core/ui/fastlane_runner.rb:124:in &apos;Commander::Runner#run!&apos;&#10;/usr/local/Cellar/fastlane/2.226.0_1/libexec/gems/commander-4.6.0/lib/commander/delegates.rb:18:in &apos;Commander::Delegates#run!&apos;&#10;/usr/local/Cellar/fastlane/2.226.0_1/libexec/gems/fastlane-2.226.0/fastlane/lib/fastlane/commands_generator.rb:363:in &apos;Fastlane::CommandsGenerator#run&apos;&#10;/usr/local/Cellar/fastlane/2.226.0_1/libexec/gems/fastlane-2.226.0/fastlane/lib/fastlane/commands_generator.rb:43:in &apos;Fastlane::CommandsGenerator.start&apos;&#10;/usr/local/Cellar/fastlane/2.226.0_1/libexec/gems/fastlane-2.226.0/fastlane/lib/fastlane/cli_tools_distributor.rb:123:in &apos;Fastlane::CLIToolsDistributor.take_off&apos;&#10;/usr/local/Cellar/fastlane/2.226.0_1/libexec/gems/fastlane-2.226.0/bin/fastlane:23:in &apos;&lt;top (required)&gt;&apos;&#10;/usr/local/Cellar/fastlane/2.226.0_1/libexec/bin/fastlane:25:in &apos;Kernel#load&apos;&#10;/usr/local/Cellar/fastlane/2.226.0_1/libexec/bin/fastlane:25:in &apos;&lt;main&gt;&apos;&#10;&#10;Exit status of command &apos;/Users/edsteine/AndroidStudioProjects/AndroidFilePicker/gradlew testDebugUnitTest -p .&apos; was 1 instead of 0.&#10;Configuration on demand is an incubating feature.&#10;Reusing configuration cache.&#10;&gt; Task :app:preBuild UP-TO-DATE&#10;&gt; Task :app:preDebugBuild UP-TO-DATE&#10;&gt; Task :app:preDebugUnitTestBuild UP-TO-DATE&#10;&gt; Task :app:checkKotlinGradlePluginConfigurationErrors&#10;&gt; Task :app:generateDebugResValues UP-TO-DATE&#10;&gt; Task :app:createDebugCompatibleScreenManifests UP-TO-DATE&#10;&gt; Task :app:javaPreCompileDebug UP-TO-DATE&#10;&gt; Task :app:mergeDebugShaders UP-TO-DATE&#10;&gt; Task :app:generateDebugResources UP-TO-DATE&#10;&gt; Task :app:compileDebugShaders NO-SOURCE&#10;&gt; Task :app:generateDebugBuildConfig UP-TO-DATE&#10;&gt; Task :app:extractDeepLinksDebug UP-TO-DATE&#10;&gt; Task :app:generateDebugAssets UP-TO-DATE&#10;&gt; Task :app:packageDebugResources UP-TO-DATE&#10;&gt; Task :app:javaPreCompileDebugUnitTest UP-TO-DATE&#10;&gt; Task :app:parseDebugLocalResources UP-TO-DATE&#10;&gt; Task :app:checkDebugAarMetadata UP-TO-DATE&#10;&gt; Task :app:mapDebugSourceSetPaths UP-TO-DATE&#10;&gt; Task :app:mergeDebugResources UP-TO-DATE&#10;&gt; Task :app:mergeDebugAssets UP-TO-DATE&#10;&gt; Task :app:processDebugMainManifest UP-TO-DATE&#10;&gt; Task :app:processDebugManifest UP-TO-DATE&#10;&gt; Task :app:processDebugManifestForPackage UP-TO-DATE&#10;&gt; Task :app:processDebugResources UP-TO-DATE&#10;&gt; Task :app:packageDebugUnitTestForUnitTest UP-TO-DATE&#10;&gt; Task :app:generateDebugUnitTestConfig UP-TO-DATE&#10;&gt; Task :app:compileDebugKotlin UP-TO-DATE&#10;&gt; Task :app:processDebugJavaRes UP-TO-DATE&#10;&gt; Task :app:compileDebugJavaWithJavac UP-TO-DATE&#10;&gt; Task :app:bundleDebugClassesToCompileJar UP-TO-DATE&#10;&gt; Task :app:bundleDebugClassesToRuntimeJar UP-TO-DATE&#10;&gt; Task :app:compileDebugUnitTestKotlin UP-TO-DATE&#10;&gt; Task :app:compileDebugUnitTestJavaWithJavac NO-SOURCE&#10;&gt; Task :app:processDebugUnitTestJavaRes UP-TO-DATE&#10;OpenJDK 64-Bit Server VM warning: Sharing is only supported for boot loader classes because bootstrap classpath has been appended&#10;&#10;&gt; Task :app:testDebugUnitTest FAILED&#10;The automatic loading of test framework implementation dependencies has been deprecated. This is scheduled to be removed in Gradle 9.0. Declare the desired test framework directly on the test suite or explicitly declare the test framework implementation dependencies on the test&apos;s runtime classpath. Consult the upgrading guide for further information: https://docs.gradle.org/8.9/userguide/upgrading_version_8.html#test_framework_implementation_dependencies&#10;&#10;PermissionViewModelTest &gt; checkPermissionState sets isGranted to true when permission is granted() FAILED&#10;    java.lang.ExceptionInInitializerError at PermissionViewModelTest.kt:39&#10;        Caused by: java.lang.RuntimeException at PermissionViewModelTest.kt:39&#10;&#10;PermissionViewModelTest &gt; checkPermissionState sets isRequesting when permission is denied() FAILED&#10;    java.lang.NoClassDefFoundError at PermissionViewModelTest.kt:39&#10;        Caused by: java.lang.ExceptionInInitializerError at PermissionViewModelTest.kt:39&#10;&#10;PermissionViewModelTest &gt; checkPermissionState sets NotDeclared if the permission is not declared() FAILED&#10;    java.lang.NoClassDefFoundError at PermissionViewModelTest.kt:39&#10;        Caused by: java.lang.ExceptionInInitializerError at PermissionViewModelTest.kt:39&#10;&#10;PermissionViewModelTest &gt; handlePermissionRequest sets isGranted to false when permission is not granted() FAILED&#10;    java.lang.NoClassDefFoundError at PermissionViewModelTest.kt:39&#10;        Caused by: java.lang.ExceptionInInitializerError at PermissionViewModelTest.kt:39&#10;&#10;PermissionViewModelTest &gt; checkPermissionState requires fine location if background is requested() FAILED&#10;    java.lang.NoClassDefFoundError at PermissionViewModelTest.kt:39&#10;        Caused by: java.lang.ExceptionInInitializerError at PermissionViewModelTest.kt:39&#10;&#10;PermissionViewModelTest &gt; checkPermissionState requires body sensor if background body sensor is requested() FAILED&#10;    java.lang.NoClassDefFoundError at PermissionViewModelTest.kt:39&#10;        Caused by: java.lang.ExceptionInInitializerError at PermissionViewModelTest.kt:39&#10;&#10;PermissionViewModelTest &gt; handlePermissionRequest sets isGranted to true when permission is granted() FAILED&#10;    java.lang.NoClassDefFoundError at PermissionViewModelTest.kt:39&#10;        Caused by: java.lang.ExceptionInInitializerError at PermissionViewModelTest.kt:39&#10;&#10;PermissionViewModelTest &gt; handlePermissionRequest sets isRequesting to true when shouldShowRationale is false() FAILED&#10;    java.lang.NoClassDefFoundError at PermissionViewModelTest.kt:39&#10;        Caused by: java.lang.ExceptionInInitializerError at PermissionViewModelTest.kt:39&#10;&#10;PermissionViewModelTest &gt; checkPermissionState sets RequiresSettings when permission is denied and has requested before() FAILED&#10;    java.lang.NoClassDefFoundError at PermissionViewModelTest.kt:39&#10;        Caused by: java.lang.ExceptionInInitializerError at PermissionViewModelTest.kt:39&#10;&#10;PermissionViewModelTest &gt; checkPermissionState returns Error if context is not an Activity() FAILED&#10;    java.lang.NoClassDefFoundError at PermissionViewModelTest.kt:39&#10;        Caused by: java.lang.ExceptionInInitializerError at PermissionViewModelTest.kt:39&#10;&#10;10 tests completed, 10 failed&#10;&#10;FAILURE: Build failed with an exception.&#10;&#10;* What went wrong:&#10;Execution failed for task &apos;:app:testDebugUnitTest&apos;.&#10;&gt; There were failing tests. See the report at: file:///Users/edsteine/AndroidStudioProjects/AndroidFilePicker/app/build/reports/tests/testDebugUnitTest/index.html&#10;&#10;* Try:&#10;&gt; Run with --scan to get full insights.&#10;&#10;BUILD FAILED in 2s&#10;28 actionable tasks: 2 executed, 26 up-to-date&#10;Configuration cache entry reused.&#10;" />
        
      </testcase>
    
  </testsuite>
</testsuites>
